<?xml version="1.0" encoding="UTF-8"?>
<!-- Generated by org.testng.reporters.JUnitXMLReporter -->
<testsuite hostname="LP-Manish8Kumar" ignored="0" name="Test" tests="1" failures="1" timestamp="02 Jul 2020 12:09:41 GMT" time="4.018" errors="0">
  <testcase name="startExecution" time="3.957" classname="Regression.GeneralStoreFinal">
    <failure type="io.appium.java_client.service.local.InvalidServerInstanceException" message="Invalid server instance exception has occured: There is no installed nodes! Please install node via NPM (https://www.npmjs.com/package/appium#using-node-js) or download and install Appium app (http://appium.io/downloads.html)">
      <![CDATA[io.appium.java_client.service.local.InvalidServerInstanceException: Invalid server instance exception has occured: There is no installed nodes! Please install node via NPM (https://www.npmjs.com/package/appium#using-node-js) or download and install Appium app (http://appium.io/downloads.html)
at io.appium.java_client.service.local.AppiumServiceBuilder.findNodeInCurrentFileSystem(AppiumServiceBuilder.java:184)
at io.appium.java_client.service.local.AppiumServiceBuilder.checkAppiumJS(AppiumServiceBuilder.java:345)
at io.appium.java_client.service.local.AppiumServiceBuilder.createArgs(AppiumServiceBuilder.java:425)
at org.openqa.selenium.remote.service.DriverService$Builder.build(DriverService.java:358)
at io.appium.java_client.service.local.AppiumDriverLocalService.buildService(AppiumDriverLocalService.java:86)
at io.appium.java_client.service.local.AppiumDriverLocalService.buildDefaultService(AppiumDriverLocalService.java:82)
at com.utilities.BaseClass.startServer(BaseClass.java:36)
at Regression.GeneralStoreFinal.startExecution(GeneralStoreFinal.java:23)
Caused by: java.io.IOException: C:\Windows\system32\config\systemprofile\AppData\Roaming\npm\node_modules

at io.appium.java_client.service.local.AppiumServiceBuilder.findNodeInCurrentFileSystem(AppiumServiceBuilder.java:185)
... 36 more
... Removed 29 stack frames]]>
    </failure>
  </testcase> <!-- startExecution -->
</testsuite> <!-- Test -->
